2025-12-22T02:16:47 | touched: src/lib.rs
2025-11-13T01:32:04 | touched: src/main.rs
2025-12-16T01:27:26 | touched: LICENSE
2026-01-14T08:40:45 | touched: src/main.rs
2026-01-06T13:59:20 | touched: src/main.rs
2025-09-16T22:16:19 | touched: README.md
2025-09-15T09:29:56 | touched: src/main.rs
2025-06-16T00:47:37 | touched: README.md
2025-12-15T18:59:43 | touched: Cargo.toml
2025-11-03T18:09:06 | touched: src/main.rs
2025-08-24T07:34:08 | touched: Cargo.toml
2025-01-28T20:44:16 | touched: src/main.rs
2025-12-11T03:13:13 | touched: LICENSE
2025-10-26T20:57:02 | touched: LICENSE
2025-08-12T06:39:07 | touched: README.md
2025-03-12T18:53:24 | touched: LICENSE
2025-04-06T20:48:53 | touched: src/main.rs
2025-02-25T12:06:53 | touched: README.md
2025-01-10T03:22:15 | touched: Cargo.toml
2025-04-02T06:55:53 | touched: Cargo.toml
2025-06-11T08:49:12 | touched: Cargo.toml
2025-04-03T06:10:06 | touched: src/main.rs
2025-11-08T08:07:23 | touched: README.md
